2023-02-11 06:49:43.323  INFO 8548 --- [restartedMain] c.l.KnowYourNeighborhoodApplication      : Starting KnowYourNeighborhoodApplication using Java 17.0.6 on WINDOWS-SODG622 with PID 8548 (C:\Users\User\Documents\workspace-sts-3.9.12.RELEASE\KnowYourNeighborhood\target\classes started by User in C:\Users\User\Documents\workspace-sts-3.9.12.RELEASE\KnowYourNeighborhood)
2023-02-11 06:49:43.327  INFO 8548 --- [restartedMain] c.l.KnowYourNeighborhoodApplication      : No active profile set, falling back to 1 default profile: "default"
2023-02-11 06:49:43.356  INFO 8548 --- [restartedMain] .e.DevToolsPropertyDefaultsPostProcessor : Devtools property defaults active! Set 'spring.devtools.add-properties' to 'false' to disable
2023-02-11 06:49:43.356  INFO 8548 --- [restartedMain] .e.DevToolsPropertyDefaultsPostProcessor : For additional web related logging consider setting the 'logging.level.web' property to 'DEBUG'
2023-02-11 06:49:43.693  INFO 8548 --- [restartedMain] .s.d.r.c.RepositoryConfigurationDelegate : Bootstrapping Spring Data JPA repositories in DEFAULT mode.
2023-02-11 06:49:43.725  INFO 8548 --- [restartedMain] .s.d.r.c.RepositoryConfigurationDelegate : Finished Spring Data repository scanning in 27 ms. Found 3 JPA repository interfaces.
2023-02-11 06:49:44.004  INFO 8548 --- [restartedMain] o.s.b.w.embedded.tomcat.TomcatWebServer  : Tomcat initialized with port(s): 8086 (http)
2023-02-11 06:49:44.009  INFO 8548 --- [restartedMain] o.apache.catalina.core.StandardService   : Starting service [Tomcat]
2023-02-11 06:49:44.009  INFO 8548 --- [restartedMain] org.apache.catalina.core.StandardEngine  : Starting Servlet engine: [Apache Tomcat/9.0.69]
2023-02-11 06:49:44.118  INFO 8548 --- [restartedMain] org.apache.jasper.servlet.TldScanner     : At least one JAR was scanned for TLDs yet contained no TLDs. Enable debug logging for this logger for a complete list of JARs that were scanned but no TLDs were found in them. Skipping unneeded JARs during scanning can improve startup time and JSP compilation time.
2023-02-11 06:49:44.125  INFO 8548 --- [restartedMain] o.a.c.c.C.[Tomcat].[localhost].[/]       : Initializing Spring embedded WebApplicationContext
2023-02-11 06:49:44.125  INFO 8548 --- [restartedMain] w.s.c.ServletWebServerApplicationContext : Root WebApplicationContext: initialization completed in 768 ms
2023-02-11 06:49:44.208  INFO 8548 --- [restartedMain] o.hibernate.jpa.internal.util.LogHelper  : HHH000204: Processing PersistenceUnitInfo [name: default]
2023-02-11 06:49:44.235  INFO 8548 --- [restartedMain] org.hibernate.Version                    : HHH000412: Hibernate ORM core version 5.6.14.Final
2023-02-11 06:49:44.300  INFO 8548 --- [restartedMain] o.hibernate.annotations.common.Version   : HCANN000001: Hibernate Commons Annotations {5.1.2.Final}
2023-02-11 06:49:44.346  INFO 8548 --- [restartedMain] com.zaxxer.hikari.HikariDataSource       : HikariPool-1 - Starting...
2023-02-11 06:49:44.481  INFO 8548 --- [restartedMain] com.zaxxer.hikari.HikariDataSource       : HikariPool-1 - Start completed.
2023-02-11 06:49:44.489  INFO 8548 --- [restartedMain] org.hibernate.dialect.Dialect            : HHH000400: Using dialect: org.hibernate.dialect.MySQL8Dialect
2023-02-11 06:49:44.790  INFO 8548 --- [restartedMain] o.h.e.t.j.p.i.JtaPlatformInitiator       : HHH000490: Using JtaPlatform implementation: [org.hibernate.engine.transaction.jta.platform.internal.NoJtaPlatform]
2023-02-11 06:49:44.798  INFO 8548 --- [restartedMain] j.LocalContainerEntityManagerFactoryBean : Initialized JPA EntityManagerFactory for persistence unit 'default'
2023-02-11 06:49:45.024  INFO 8548 --- [restartedMain] o.s.s.web.DefaultSecurityFilterChain     : Will secure any request with [org.springframework.security.web.session.DisableEncodeUrlFilter@1ca830bb, org.springframework.security.web.context.request.async.WebAsyncManagerIntegrationFilter@114422c3, org.springframework.security.web.context.SecurityContextPersistenceFilter@c97dcc3, org.springframework.security.web.header.HeaderWriterFilter@c4ed84c, org.springframework.security.web.csrf.CsrfFilter@642b61f9, org.springframework.security.web.authentication.logout.LogoutFilter@425fcffe, org.springframework.security.web.authentication.UsernamePasswordAuthenticationFilter@1cd99845, org.springframework.security.web.savedrequest.RequestCacheAwareFilter@28b7f912, org.springframework.security.web.servletapi.SecurityContextHolderAwareRequestFilter@6dbefd3, org.springframework.security.web.authentication.AnonymousAuthenticationFilter@6a395496, org.springframework.security.web.session.SessionManagementFilter@57f2d853, org.springframework.security.web.access.ExceptionTranslationFilter@68d4bc2f, org.springframework.security.web.access.intercept.FilterSecurityInterceptor@6a5b985d]
2023-02-11 06:49:45.045  WARN 8548 --- [restartedMain] JpaBaseConfiguration$JpaWebConfiguration : spring.jpa.open-in-view is enabled by default. Therefore, database queries may be performed during view rendering. Explicitly configure spring.jpa.open-in-view to disable this warning
2023-02-11 06:49:45.196  INFO 8548 --- [restartedMain] o.s.b.d.a.OptionalLiveReloadServer       : LiveReload server is running on port 35729
2023-02-11 06:49:45.218  INFO 8548 --- [restartedMain] o.s.b.w.embedded.tomcat.TomcatWebServer  : Tomcat started on port(s): 8086 (http) with context path ''
2023-02-11 06:49:45.223  INFO 8548 --- [restartedMain] c.l.KnowYourNeighborhoodApplication      : Started KnowYourNeighborhoodApplication in 2.099 seconds (JVM running for 2.419)
2023-02-11 06:49:51.531  INFO 8548 --- [RMI TCP Connection(2)-127.0.0.1] inMXBeanRegistrar$SpringApplicationAdmin : Application shutdown requested.
2023-02-11 06:49:51.537  INFO 8548 --- [RMI TCP Connection(2)-127.0.0.1] o.apache.catalina.core.StandardService   : Stopping service [Tomcat]
2023-02-11 06:49:51.542  INFO 8548 --- [RMI TCP Connection(2)-127.0.0.1] j.LocalContainerEntityManagerFactoryBean : Closing JPA EntityManagerFactory for persistence unit 'default'
2023-02-11 06:49:51.544  INFO 8548 --- [RMI TCP Connection(2)-127.0.0.1] com.zaxxer.hikari.HikariDataSource       : HikariPool-1 - Shutdown initiated...
2023-02-11 06:49:51.548  INFO 8548 --- [RMI TCP Connection(2)-127.0.0.1] com.zaxxer.hikari.HikariDataSource       : HikariPool-1 - Shutdown completed.
